<?xml version="1.0" encoding="UTF-8"?>
<!-- Generated by org.testng.reporters.JUnitXMLReporter -->
<testsuite ignored="0" hostname="DESKTOP-TBD0K2A" failures="0" tests="7" name="Default test" time="41.431" errors="0" timestamp="2023-11-08T10:35:32 IST">
  <testcase classname="atSpicejetProjectnew.ATSpicejetProjectnew" name="launchapplication" time="4.327"/>
  <testcase classname="atSpicejetProjectnew.ATSpicejetProjectnew" name="testSignUpPage" time="3.037"/>
  <testcase classname="atSpicejetProjectnew.ATSpicejetProjectnew" name="searchforflight" time="7.987"/>
  <testcase classname="atSpicejetProjectnew.ATSpicejetProjectnew" name="proceedtobookingpage" time="3.17"/>
  <testcase classname="atSpicejetProjectnew.ATSpicejetProjectnew" name="filloutbookingform" time="5.911"/>
  <testcase classname="atSpicejetProjectnew.ATSpicejetProjectnew" name="addsonpage" time="11.651"/>
  <testcase classname="atSpicejetProjectnew.ATSpicejetProjectnew" name="paymentinformation" time="0.303"/>
</testsuite> <!-- Default test -->
