<?xml version="1.0" encoding="UTF-8"?>
<!-- Generated by org.testng.reporters.JUnitXMLReporter -->
<testsuite ignored="0" hostname="DESKTOP-TBD0K2A" failures="0" tests="7" name="Test" time="229.179" errors="0" timestamp="2023-11-08T09:59:40 IST">
  <testcase classname="atSpicejetProjectnew.ATSpicejetProjectnew" name="launchapplication" time="4.08"/>
  <testcase classname="atSpicejetProjectnew.ATSpicejetProjectnew" name="testSignUpPage" time="3.122"/>
  <testcase classname="atSpicejetProjectnew.ATSpicejetProjectnew" name="searchforflight" time="8.065"/>
  <testcase classname="atSpicejetProjectnew.ATSpicejetProjectnew" name="proceedtobookingpage" time="5.09"/>
  <testcase classname="atSpicejetProjectnew.ATSpicejetProjectnew" name="filloutbookingform" time="6.02"/>
  <testcase classname="atSpicejetProjectnew.ATSpicejetProjectnew" name="addsonpage" time="15.634"/>
  <testcase classname="atSpicejetProjectnew.ATSpicejetProjectnew" name="paymentinformation" time="0.364"/>
</testsuite> <!-- Test -->
