<?xml version="1.0" encoding="UTF-8"?>
<testng-results ignored="0" total="7" passed="7" failed="0" skipped="0">
  <reporter-output>
  </reporter-output>
  <suite started-at="2023-11-08T10:34:50 IST" name="Default suite" finished-at="2023-11-08T10:35:32 IST" duration-ms="41431">
    <groups>
    </groups>
    <test started-at="2023-11-08T10:34:50 IST" name="Default test" finished-at="2023-11-08T10:35:32 IST" duration-ms="41431">
      <class name="atSpicejetProjectnew.ATSpicejetProjectnew">
        <test-method is-config="true" signature="launchBrowser()[pri:0, instance:atSpicejetProjectnew.ATSpicejetProjectnew@6caf0677]" started-at="2023-11-08T10:34:50 IST" name="launchBrowser" finished-at="2023-11-08T10:34:55 IST" duration-ms="4917" status="PASS">
          <reporter-output>
          </reporter-output>
        </test-method> <!-- launchBrowser -->
        <test-method signature="launchapplication()[pri:1, instance:atSpicejetProjectnew.ATSpicejetProjectnew@6caf0677]" started-at="2023-11-08T10:34:55 IST" name="launchapplication" finished-at="2023-11-08T10:34:59 IST" duration-ms="4327" status="PASS">
          <reporter-output>
          </reporter-output>
        </test-method> <!-- launchapplication -->
        <test-method signature="testSignUpPage()[pri:2, instance:atSpicejetProjectnew.ATSpicejetProjectnew@6caf0677]" started-at="2023-11-08T10:34:59 IST" name="testSignUpPage" finished-at="2023-11-08T10:35:02 IST" duration-ms="3037" status="PASS">
          <reporter-output>
          </reporter-output>
        </test-method> <!-- testSignUpPage -->
        <test-method signature="searchforflight()[pri:3, instance:atSpicejetProjectnew.ATSpicejetProjectnew@6caf0677]" started-at="2023-11-08T10:35:02 IST" name="searchforflight" finished-at="2023-11-08T10:35:10 IST" duration-ms="7987" status="PASS">
          <reporter-output>
          </reporter-output>
        </test-method> <!-- searchforflight -->
        <test-method signature="proceedtobookingpage()[pri:4, instance:atSpicejetProjectnew.ATSpicejetProjectnew@6caf0677]" started-at="2023-11-08T10:35:10 IST" name="proceedtobookingpage" finished-at="2023-11-08T10:35:14 IST" duration-ms="3170" status="PASS">
          <reporter-output>
          </reporter-output>
        </test-method> <!-- proceedtobookingpage -->
        <test-method signature="filloutbookingform()[pri:5, instance:atSpicejetProjectnew.ATSpicejetProjectnew@6caf0677]" started-at="2023-11-08T10:35:14 IST" name="filloutbookingform" finished-at="2023-11-08T10:35:20 IST" duration-ms="5911" status="PASS">
          <reporter-output>
          </reporter-output>
        </test-method> <!-- filloutbookingform -->
        <test-method signature="addsonpage()[pri:6, instance:atSpicejetProjectnew.ATSpicejetProjectnew@6caf0677]" started-at="2023-11-08T10:35:20 IST" name="addsonpage" finished-at="2023-11-08T10:35:31 IST" duration-ms="11651" status="PASS">
          <reporter-output>
          </reporter-output>
        </test-method> <!-- addsonpage -->
        <test-method signature="paymentinformation()[pri:8, instance:atSpicejetProjectnew.ATSpicejetProjectnew@6caf0677]" started-at="2023-11-08T10:35:31 IST" name="paymentinformation" finished-at="2023-11-08T10:35:32 IST" duration-ms="303" status="PASS">
          <reporter-output>
          </reporter-output>
        </test-method> <!-- paymentinformation -->
      </class> <!-- atSpicejetProjectnew.ATSpicejetProjectnew -->
    </test> <!-- Default test -->
  </suite> <!-- Default suite -->
</testng-results>
